<domain type="kvm">
  <name>test-vm</name>
  <uuid>63cfcedf-3de1-433f-80a0-9b39bfaa9605</uuid>
  <metadata>
    <libosinfo:libosinfo xmlns:libosinfo="http://libosinfo.org/xmlns/libvirt/domain/1.0">
      <libosinfo:os id="http://ubuntu.com/ubuntu/24.04"/>
    </libosinfo:libosinfo>
  </metadata>
  <memory>2097152</memory>
  <currentMemory>2097152</currentMemory>
  <vcpu>2</vcpu>
  <os>
    <type arch="x86_64" machine="q35">hvm</type>
    <kernel>/var/lib/libvirt/boot/virtinst-c6kdm5b8-vmlinuz</kernel>
    <initrd>/var/lib/libvirt/boot/virtinst-ky336s4a-initrd</initrd>
    <cmdline>console=ttyS0</cmdline>
  </os>
  <features>
    <acpi/>
    <apic/>
  </features>
  <cpu mode="host-passthrough"/>
  <clock offset="utc">
    <timer name="rtc" tickpolicy="catchup"/>
    <timer name="pit" tickpolicy="delay"/>
    <timer name="hpet" present="no"/>
  </clock>
  <pm>
    <suspend-to-mem enabled="no"/>
    <suspend-to-disk enabled="no"/>
  </pm>
  <devices>
    <emulator>/usr/bin/qemu-system-x86_64</emulator>
    <disk type="file" device="disk">
      <driver name="qemu" type="qcow2"/>
      <source file="/var/lib/libvirt/images/test-vm.qcow2"/>
      <target dev="vda" bus="virtio"/>
    </disk>
    <disk type="file" device="cdrom">
      <driver name="qemu" type="raw"/>
      <source file="/var/lib/libvirt/images/ubuntu-24.04.2-live-server-amd64.iso"/>
      <target dev="sda" bus="sata"/>
      <readonly/>
    </disk>
    <controller type="usb" model="qemu-xhci" ports="15"/>
    <controller type="pci" model="pcie-root"/>
    <controller type="pci" model="pcie-root-port"/>
    <controller type="pci" model="pcie-root-port"/>
    <controller type="pci" model="pcie-root-port"/>
    <controller type="pci" model="pcie-root-port"/>
    <controller type="pci" model="pcie-root-port"/>
    <controller type="pci" model="pcie-root-port"/>
    <controller type="pci" model="pcie-root-port"/>
    <controller type="pci" model="pcie-root-port"/>
    <controller type="pci" model="pcie-root-port"/>
    <controller type="pci" model="pcie-root-port"/>
    <controller type="pci" model="pcie-root-port"/>
    <controller type="pci" model="pcie-root-port"/>
    <controller type="pci" model="pcie-root-port"/>
    <controller type="pci" model="pcie-root-port"/>
    <interface type="network">
      <source network="default"/>
      <mac address="52:54:00:66:21:bf"/>
      <model type="virtio"/>
    </interface>
    <console type="pty"/>
    <channel type="unix">
      <source mode="bind"/>
      <target type="virtio" name="org.qemu.guest_agent.0"/>
    </channel>
    <memballoon model="virtio"/>
    <rng model="virtio">
      <backend model="random">/dev/urandom</backend>
    </rng>
  </devices>
  <on_reboot>destroy</on_reboot>
</domain>
